<?xml version="1.0" encoding="UTF-8"?>
<testng-results ignored="0" total="7" passed="6" failed="1" skipped="0">
  <reporter-output>
  </reporter-output>
  <suite started-at="2023-11-04T08:57:27 IST" name="Default suite" finished-at="2023-11-04T08:58:34 IST" duration-ms="67085">
    <groups>
      <group name="cucumber">
        <method signature="AbstractTestNGCucumberTests.runScenario(io.cucumber.testng.PickleWrapper, io.cucumber.testng.FeatureWrapper)[pri:0, instance:com.NewBellatrix.Utilities.FeatureRunner@babafc2]" name="runScenario" class="io.cucumber.testng.AbstractTestNGCucumberTests"/>
      </group> <!-- cucumber -->
    </groups>
    <test started-at="2023-11-04T08:57:27 IST" name="Default test" finished-at="2023-11-04T08:58:34 IST" duration-ms="67085">
      <class name="com.NewBellatrix.Utilities.FeatureRunner">
        <test-method is-config="true" signature="setUpClass(org.testng.ITestContext)[pri:0, instance:com.NewBellatrix.Utilities.FeatureRunner@babafc2]" started-at="2023-11-04T08:57:27 IST" name="setUpClass" finished-at="2023-11-04T08:57:27 IST" duration-ms="614" status="PASS">
          <params>
            <param index="0">
              <value>
                <![CDATA[org.testng.TestRunner@662be9f7]]>
              </value>
            </param>
          </params>
          <reporter-output>
          </reporter-output>
        </test-method> <!-- setUpClass -->
        <test-method signature="runScenario(io.cucumber.testng.PickleWrapper, io.cucumber.testng.FeatureWrapper)[pri:0, instance:com.NewBellatrix.Utilities.FeatureRunner@babafc2]" started-at="2023-11-04T08:57:27 IST" name="runScenario" description="Runs Cucumber Scenarios" data-provider="scenarios" finished-at="2023-11-04T08:57:41 IST" duration-ms="13202" status="FAIL">
          <params>
            <param index="0">
              <value>
                <![CDATA["Verify product name text gets displayed after a product to cart"]]>
              </value>
            </param>
            <param index="1">
              <value>
                <![CDATA["Cart Testcases"]]>
              </value>
            </param>
          </params>
          <exception class="java.lang.NullPointerException">
            <message>
              <![CDATA[Cannot invoke "org.openqa.selenium.WebElement.getText()" because "this.subTotalFalconHeavy" is null]]>
            </message>
            <full-stacktrace>
              <![CDATA[java.lang.NullPointerException: Cannot invoke "org.openqa.selenium.WebElement.getText()" because "this.subTotalFalconHeavy" is null
at com.NewBellatrix.Pages.CartPage.getSubTotalWhenFalconHeavyAdded(CartPage.java:38)
at com.NewBellatrix.StepDefinations.CartSteps.get_the_subtotal(CartSteps.java:12)
at ✽.Get the subtotal(file:///C:/Users/welcom/eclipse-workspace/NewBellatrix/src/test/resources/CartFeature.feature:8)
]]>
            </full-stacktrace>
          </exception> <!-- java.lang.NullPointerException -->
          <reporter-output>
          </reporter-output>
        </test-method> <!-- runScenario -->
        <test-method signature="runScenario(io.cucumber.testng.PickleWrapper, io.cucumber.testng.FeatureWrapper)[pri:0, instance:com.NewBellatrix.Utilities.FeatureRunner@babafc2]" started-at="2023-11-04T08:57:41 IST" name="runScenario" description="Runs Cucumber Scenarios" data-provider="scenarios" finished-at="2023-11-04T08:57:51 IST" duration-ms="10636" status="PASS">
          <params>
            <param index="0">
              <value>
                <![CDATA["Search for Falcon product and click on View cart for Falcon Heavy product"]]>
              </value>
            </param>
            <param index="1">
              <value>
                <![CDATA["Home Features here"]]>
              </value>
            </param>
          </params>
          <reporter-output>
          </reporter-output>
        </test-method> <!-- runScenario -->
        <test-method signature="runScenario(io.cucumber.testng.PickleWrapper, io.cucumber.testng.FeatureWrapper)[pri:0, instance:com.NewBellatrix.Utilities.FeatureRunner@babafc2]" started-at="2023-11-04T08:57:51 IST" name="runScenario" description="Runs Cucumber Scenarios" data-provider="scenarios" finished-at="2023-11-04T08:58:01 IST" duration-ms="9894" status="PASS">
          <params>
            <param index="0">
              <value>
                <![CDATA["Search for Falcon product and click on View cart for Falcon9 product"]]>
              </value>
            </param>
            <param index="1">
              <value>
                <![CDATA["Home Features here"]]>
              </value>
            </param>
          </params>
          <reporter-output>
          </reporter-output>
        </test-method> <!-- runScenario -->
        <test-method signature="runScenario(io.cucumber.testng.PickleWrapper, io.cucumber.testng.FeatureWrapper)[pri:0, instance:com.NewBellatrix.Utilities.FeatureRunner@babafc2]" started-at="2023-11-04T08:58:01 IST" name="runScenario" description="Runs Cucumber Scenarios" data-provider="scenarios" finished-at="2023-11-04T08:58:09 IST" duration-ms="7671" status="PASS">
          <params>
            <param index="0">
              <value>
                <![CDATA["Verify Product title gets displayed"]]>
              </value>
            </param>
            <param index="1">
              <value>
                <![CDATA["Home Features here"]]>
              </value>
            </param>
          </params>
          <reporter-output>
          </reporter-output>
        </test-method> <!-- runScenario -->
        <test-method signature="runScenario(io.cucumber.testng.PickleWrapper, io.cucumber.testng.FeatureWrapper)[pri:0, instance:com.NewBellatrix.Utilities.FeatureRunner@babafc2]" started-at="2023-11-04T08:58:09 IST" name="runScenario" description="Runs Cucumber Scenarios" data-provider="scenarios" finished-at="2023-11-04T08:58:19 IST" duration-ms="9715" status="PASS">
          <params>
            <param index="0">
              <value>
                <![CDATA["Verify Product title gets displayed"]]>
              </value>
            </param>
            <param index="1">
              <value>
                <![CDATA["Home Features here"]]>
              </value>
            </param>
          </params>
          <reporter-output>
          </reporter-output>
        </test-method> <!-- runScenario -->
        <test-method signature="runScenario(io.cucumber.testng.PickleWrapper, io.cucumber.testng.FeatureWrapper)[pri:0, instance:com.NewBellatrix.Utilities.FeatureRunner@babafc2]" started-at="2023-11-04T08:58:19 IST" name="runScenario" description="Runs Cucumber Scenarios" data-provider="scenarios" finished-at="2023-11-04T08:58:26 IST" duration-ms="7629" status="PASS">
          <params>
            <param index="0">
              <value>
                <![CDATA["Verify Product titles Falcon should get displayed"]]>
              </value>
            </param>
            <param index="1">
              <value>
                <![CDATA["Home Features here"]]>
              </value>
            </param>
          </params>
          <reporter-output>
          </reporter-output>
        </test-method> <!-- runScenario -->
        <test-method signature="runScenario(io.cucumber.testng.PickleWrapper, io.cucumber.testng.FeatureWrapper)[pri:0, instance:com.NewBellatrix.Utilities.FeatureRunner@babafc2]" started-at="2023-11-04T08:58:26 IST" name="runScenario" description="Runs Cucumber Scenarios" data-provider="scenarios" finished-at="2023-11-04T08:58:34 IST" duration-ms="7409" status="PASS">
          <params>
            <param index="0">
              <value>
                <![CDATA["Verify Product titles Proton should get displayed"]]>
              </value>
            </param>
            <param index="1">
              <value>
                <![CDATA["Home Features here"]]>
              </value>
            </param>
          </params>
          <reporter-output>
          </reporter-output>
        </test-method> <!-- runScenario -->
        <test-method is-config="true" signature="tearDownClass()[pri:0, instance:com.NewBellatrix.Utilities.FeatureRunner@babafc2]" started-at="2023-11-04T08:58:34 IST" name="tearDownClass" finished-at="2023-11-04T08:58:34 IST" duration-ms="6" status="PASS">
          <reporter-output>
          </reporter-output>
        </test-method> <!-- tearDownClass -->
      </class> <!-- com.NewBellatrix.Utilities.FeatureRunner -->
    </test> <!-- Default test -->
  </suite> <!-- Default suite -->
</testng-results>
