<?xml version="1.0" encoding="UTF-8"?>
<!-- Generated by org.testng.reporters.JUnitReportReporter -->
<testsuite hostname="DESKTOP-3SCMPI9" failures="0" tests="7" name="com.NewBellatrix.Utilities.FeatureRunner" time="89.356" errors="1" timestamp="2023-11-03T21:09:44 IST" skipped="0">
  <testcase classname="com.NewBellatrix.Utilities.FeatureRunner" name="runScenario" time="10.242"/>
  <system-out/>
  <testcase classname="com.NewBellatrix.Utilities.FeatureRunner" name="runScenario" time="11.542"/>
  <system-out/>
  <testcase classname="com.NewBellatrix.Utilities.FeatureRunner" name="runScenario" time="13.447"/>
  <system-out/>
  <testcase classname="com.NewBellatrix.Utilities.FeatureRunner" name="runScenario" time="11.514"/>
  <system-out/>
  <testcase classname="com.NewBellatrix.Utilities.FeatureRunner" name="runScenario" time="17.255">
    <error message="Cannot invoke &quot;org.openqa.selenium.WebElement.getText()&quot; because &quot;this.productName&quot; is null" type="java.lang.NullPointerException">
      <![CDATA[java.lang.NullPointerException: Cannot invoke "org.openqa.selenium.WebElement.getText()" because "this.productName" is null
at com.NewBellatrix.Pages.CartPage.productTextOnCartPage(CartPage.java:30)
at com.NewBellatrix.StepDefinations.Steps.product_name_text_should_get_displayed(Steps.java:136)
at ✽.Product Name text should get displayed(file:///C:/Users/welcom/eclipse-workspace/NewBellatrix/src/test/resources/CartFeature.feature:8)
]]>
    </error>
  </testcase> <!-- runScenario -->
  <system-out/>
  <testcase classname="com.NewBellatrix.Utilities.FeatureRunner" name="runScenario" time="10.305"/>
  <system-out/>
  <testcase classname="com.NewBellatrix.Utilities.FeatureRunner" name="runScenario" time="15.051"/>
  <system-out/>
</testsuite> <!-- com.NewBellatrix.Utilities.FeatureRunner -->
