<?xml version="1.0" encoding="UTF-8"?>
<!-- Generated by org.testng.reporters.JUnitReportReporter -->
<testsuite hostname="DESKTOP-3SCMPI9" failures="0" tests="7" name="com.NewBellatrix.Utilities.FeatureRunner" time="66.156" errors="1" timestamp="2023-11-04T08:58:34 IST" skipped="0">
  <testcase classname="com.NewBellatrix.Utilities.FeatureRunner" name="runScenario" time="7.671"/>
  <system-out/>
  <testcase classname="com.NewBellatrix.Utilities.FeatureRunner" name="runScenario" time="13.202">
    <error message="Cannot invoke &quot;org.openqa.selenium.WebElement.getText()&quot; because &quot;this.subTotalFalconHeavy&quot; is null" type="java.lang.NullPointerException">
      <![CDATA[java.lang.NullPointerException: Cannot invoke "org.openqa.selenium.WebElement.getText()" because "this.subTotalFalconHeavy" is null
at com.NewBellatrix.Pages.CartPage.getSubTotalWhenFalconHeavyAdded(CartPage.java:38)
at com.NewBellatrix.StepDefinations.CartSteps.get_the_subtotal(CartSteps.java:12)
at ✽.Get the subtotal(file:///C:/Users/welcom/eclipse-workspace/NewBellatrix/src/test/resources/CartFeature.feature:8)
]]>
    </error>
  </testcase> <!-- runScenario -->
  <system-out/>
  <testcase classname="com.NewBellatrix.Utilities.FeatureRunner" name="runScenario" time="9.894"/>
  <system-out/>
  <testcase classname="com.NewBellatrix.Utilities.FeatureRunner" name="runScenario" time="7.629"/>
  <system-out/>
  <testcase classname="com.NewBellatrix.Utilities.FeatureRunner" name="runScenario" time="7.409"/>
  <system-out/>
  <testcase classname="com.NewBellatrix.Utilities.FeatureRunner" name="runScenario" time="10.636"/>
  <system-out/>
  <testcase classname="com.NewBellatrix.Utilities.FeatureRunner" name="runScenario" time="9.715"/>
  <system-out/>
</testsuite> <!-- com.NewBellatrix.Utilities.FeatureRunner -->
